2025-04-24 15:29:42,055 - INFO - 正在读取文件: football_players.csv
2025-04-24 15:29:42,061 - INFO - 找到以下位置: 中锋, 后腰, 右边锋, 左边锋, 右后卫, 前腰, 中场, 门将, 中后卫, 左后卫, 影子前锋
2025-04-24 15:29:42,071 - INFO - 已保存中锋位置球员数据，共 10 条记录
2025-04-24 15:29:42,081 - INFO - 已保存后腰位置球员数据，共 6 条记录
2025-04-24 15:29:42,086 - INFO - 已保存右边锋位置球员数据，共 14 条记录
2025-04-24 15:29:42,094 - INFO - 已保存左边锋位置球员数据，共 9 条记录
2025-04-24 15:29:42,098 - INFO - 已保存右后卫位置球员数据，共 3 条记录
2025-04-24 15:29:42,102 - INFO - 已保存前腰位置球员数据，共 12 条记录
2025-04-24 15:29:42,106 - INFO - 已保存中场位置球员数据，共 12 条记录
2025-04-24 15:29:42,110 - INFO - 已保存门将位置球员数据，共 7 条记录
2025-04-24 15:29:42,114 - INFO - 已保存中后卫位置球员数据，共 3 条记录
2025-04-24 15:29:42,117 - INFO - 已保存左后卫位置球员数据，共 3 条记录
2025-04-24 15:29:42,119 - INFO - 已保存影子前锋位置球员数据，共 1 条记录
2025-04-24 15:29:42,128 - INFO - 已生成位置汇总报告
2025-04-24 15:39:13,535 - INFO - 正在读取文件: football_players.csv
2025-04-24 15:39:13,542 - INFO - 找到以下位置: 中锋, 后腰, 右边锋, 左边锋, 右后卫, 前腰, 中后卫, 中场, 门将, 左后卫, 影子前锋
2025-04-24 15:39:13,546 - INFO - 已保存中锋位置球员数据，共 27 条记录
2025-04-24 15:39:13,550 - INFO - 已保存后腰位置球员数据，共 16 条记录
2025-04-24 15:39:13,554 - INFO - 已保存右边锋位置球员数据，共 22 条记录
2025-04-24 15:39:13,559 - INFO - 已保存左边锋位置球员数据，共 18 条记录
2025-04-24 15:39:13,562 - INFO - 已保存右后卫位置球员数据，共 6 条记录
2025-04-24 15:39:13,567 - INFO - 已保存前腰位置球员数据，共 23 条记录
2025-04-24 15:39:13,570 - INFO - 已保存中后卫位置球员数据，共 21 条记录
2025-04-24 15:39:13,575 - INFO - 已保存中场位置球员数据，共 26 条记录
2025-04-24 15:39:13,578 - INFO - 已保存门将位置球员数据，共 27 条记录
2025-04-24 15:39:13,581 - INFO - 已保存左后卫位置球员数据，共 10 条记录
2025-04-24 15:39:13,585 - INFO - 已保存影子前锋位置球员数据，共 2 条记录
2025-04-24 15:39:13,589 - INFO - 已生成位置汇总报告
